<?xml version="1.0" encoding="UTF-8"?>
<!-- Generated by org.testng.reporters.JUnitReportReporter -->
<testsuite hostname="DESKTOP-HJL5ISJ" failures="0" tests="1" name="com.webtest.demo.Front_Login1" time="32.598" errors="0" timestamp="10 10æœˆ 2018 06:16:34 GMT" skipped="0">
  <testcase classname="com.webtest.demo.Front_Login1" name="testSearch" time="32.598"/>
</testsuite> <!-- com.webtest.demo.Front_Login1 -->
