<?xml version="1.0" encoding="UTF-8"?>
<!-- Generated by org.testng.reporters.JUnitReportReporter -->
<testsuite hostname="DESKTOP-HJL5ISJ" failures="0" tests="1" name="com.webtest.demo.Admin_Login" time="16.194" errors="0" timestamp="10 10æœˆ 2018 07:03:21 GMT" skipped="0">
  <testcase classname="com.webtest.demo.Admin_Login" name="testLogin" time="16.194"/>
</testsuite> <!-- com.webtest.demo.Admin_Login -->
